{"D:\\Mes Projets\\RobertManchon_9_21072021\\src\\constants\\routes.js": {"path":"D:\\Mes Projets\\RobertManchon_9_21072021\\src\\constants\\routes.js","statementMap":{"0":{"start":{"line":6,"column":27},"end":{"line":11,"column":1}},"1":{"start":{"line":13,"column":22},"end":{"line":26,"column":1}},"2":{"start":{"line":14,"column":2},"end":{"line":25,"column":3}},"3":{"start":{"line":16,"column":6},"end":{"line":16,"column":46}},"4":{"start":{"line":18,"column":6},"end":{"line":18,"column":46}},"5":{"start":{"line":20,"column":6},"end":{"line":20,"column":24}},"6":{"start":{"line":22,"column":6},"end":{"line":22,"column":50}},"7":{"start":{"line":24,"column":6},"end":{"line":24,"column":46}}},"fnMap":{"0":{"name":"(anonymous_0)","decl":{"start":{"line":13,"column":22},"end":{"line":13,"column":23}},"loc":{"start":{"line":13,"column":62},"end":{"line":26,"column":1}},"line":13}},"branchMap":{"0":{"loc":{"start":{"line":14,"column":2},"end":{"line":25,"column":3}},"type":"switch","locations":[{"start":{"line":15,"column":4},"end":{"line":16,"column":46}},{"start":{"line":17,"column":4},"end":{"line":18,"column":46}},{"start":{"line":19,"column":4},"end":{"line":20,"column":24}},{"start":{"line":21,"column":4},"end":{"line":22,"column":50}},{"start":{"line":23,"column":4},"end":{"line":24,"column":46}}],"line":14}},"s":{"0":7,"1":7,"2":19,"3":3,"4":4,"5":3,"6":5,"7":4},"f":{"0":19},"b":{"0":[3,4,3,5,4]},"_coverageSchema":"1a1c01bbd47fc00a2c39e90264f33305004495a9","hash":"c589b5a654dd110e0ba578cbf2aaed8fb9d0a82d"}
,"D:\\Mes Projets\\RobertManchon_9_21072021\\src\\constants\\usersTest.js": {"path":"D:\\Mes Projets\\RobertManchon_9_21072021\\src\\constants\\usersTest.js","statementMap":{},"fnMap":{},"branchMap":{},"s":{},"f":{},"b":{},"_coverageSchema":"1a1c01bbd47fc00a2c39e90264f33305004495a9","hash":"477611effd5fbed70b1e5af9a592b5ad7337f2d2"}
,"D:\\Mes Projets\\RobertManchon_9_21072021\\src\\containers\\Bills.js": {"path":"D:\\Mes Projets\\RobertManchon_9_21072021\\src\\containers\\Bills.js","statementMap":{"0":{"start":{"line":7,"column":4},"end":{"line":7,"column":29}},"1":{"start":{"line":8,"column":4},"end":{"line":8,"column":33}},"2":{"start":{"line":9,"column":4},"end":{"line":9,"column":31}},"3":{"start":{"line":10,"column":26},"end":{"line":10,"column":86}},"4":{"start":{"line":11,"column":4},"end":{"line":11,"column":87}},"5":{"start":{"line":11,"column":23},"end":{"line":11,"column":87}},"6":{"start":{"line":12,"column":20},"end":{"line":12,"column":76}},"7":{"start":{"line":13,"column":4},"end":{"line":15,"column":6}},"8":{"start":{"line":13,"column":17},"end":{"line":15,"column":6}},"9":{"start":{"line":14,"column":6},"end":{"line":14,"column":75}},"10":{"start":{"line":14,"column":44},"end":{"line":14,"column":73}},"11":{"start":{"line":16,"column":4},"end":{"line":16,"column":55}},"12":{"start":{"line":19,"column":23},"end":{"line":21,"column":3}},"13":{"start":{"line":20,"column":4},"end":{"line":20,"column":44}},"14":{"start":{"line":23,"column":23},"end":{"line":28,"column":3}},"15":{"start":{"line":24,"column":20},"end":{"line":24,"column":54}},"16":{"start":{"line":25,"column":21},"end":{"line":25,"column":63}},"17":{"start":{"line":26,"column":4},"end":{"line":26,"column":128}},"18":{"start":{"line":27,"column":4},"end":{"line":27,"column":34}}},"fnMap":{"0":{"name":"(anonymous_0)","decl":{"start":{"line":6,"column":2},"end":{"line":6,"column":3}},"loc":{"start":{"line":6,"column":65},"end":{"line":17,"column":3}},"line":6},"1":{"name":"(anonymous_1)","decl":{"start":{"line":13,"column":33},"end":{"line":13,"column":34}},"loc":{"start":{"line":13,"column":41},"end":{"line":15,"column":5}},"line":13},"2":{"name":"(anonymous_2)","decl":{"start":{"line":14,"column":37},"end":{"line":14,"column":38}},"loc":{"start":{"line":14,"column":44},"end":{"line":14,"column":73}},"line":14},"3":{"name":"(anonymous_3)","decl":{"start":{"line":19,"column":23},"end":{"line":19,"column":24}},"loc":{"start":{"line":19,"column":30},"end":{"line":21,"column":3}},"line":19},"4":{"name":"(anonymous_4)","decl":{"start":{"line":23,"column":23},"end":{"line":23,"column":24}},"loc":{"start":{"line":23,"column":33},"end":{"line":28,"column":3}},"line":23}},"branchMap":{"0":{"loc":{"start":{"line":11,"column":4},"end":{"line":11,"column":87}},"type":"if","locations":[{"start":{"line":11,"column":4},"end":{"line":11,"column":87}},{"start":{"line":11,"column":4},"end":{"line":11,"column":87}}],"line":11},"1":{"loc":{"start":{"line":13,"column":4},"end":{"line":15,"column":6}},"type":"if","locations":[{"start":{"line":13,"column":4},"end":{"line":15,"column":6}},{"start":{"line":13,"column":4},"end":{"line":15,"column":6}}],"line":13}},"s":{"0":3,"1":3,"2":3,"3":3,"4":3,"5":3,"6":3,"7":3,"8":3,"9":12,"10":1,"11":3,"12":3,"13":1,"14":3,"15":1,"16":1,"17":1,"18":1},"f":{"0":3,"1":12,"2":1,"3":1,"4":1},"b":{"0":[3,0],"1":[3,0]},"_coverageSchema":"1a1c01bbd47fc00a2c39e90264f33305004495a9","hash":"c97cbfc59811ce446d0424a164b6ebb33dec2a86"}
,"D:\\Mes Projets\\RobertManchon_9_21072021\\src\\containers\\Dashboard.js": {"path":"D:\\Mes Projets\\RobertManchon_9_21072021\\src\\containers\\Dashboard.js","statementMap":{"0":{"start":{"line":8,"column":29},"end":{"line":24,"column":1}},"1":{"start":{"line":9,"column":4},"end":{"line":23,"column":16}},"2":{"start":{"line":14,"column":12},"end":{"line":20,"column":13}},"3":{"start":{"line":15,"column":16},"end":{"line":15,"column":59}},"4":{"start":{"line":18,"column":34},"end":{"line":18,"column":80}},"5":{"start":{"line":19,"column":16},"end":{"line":19,"column":110}},"6":{"start":{"line":22,"column":12},"end":{"line":22,"column":35}},"7":{"start":{"line":26,"column":20},"end":{"line":51,"column":1}},"8":{"start":{"line":27,"column":30},"end":{"line":27,"column":54}},"9":{"start":{"line":28,"column":22},"end":{"line":30,"column":10}},"10":{"start":{"line":31,"column":21},"end":{"line":33,"column":25}},"11":{"start":{"line":35,"column":4},"end":{"line":50,"column":4}},"12":{"start":{"line":53,"column":21},"end":{"line":57,"column":1}},"13":{"start":{"line":54,"column":4},"end":{"line":56,"column":11}},"14":{"start":{"line":55,"column":28},"end":{"line":55,"column":38}},"15":{"start":{"line":59,"column":25},"end":{"line":68,"column":1}},"16":{"start":{"line":60,"column":4},"end":{"line":67,"column":5}},"17":{"start":{"line":62,"column":12},"end":{"line":62,"column":29}},"18":{"start":{"line":64,"column":12},"end":{"line":64,"column":30}},"19":{"start":{"line":66,"column":12},"end":{"line":66,"column":29}},"20":{"start":{"line":78,"column":8},"end":{"line":78,"column":33}},"21":{"start":{"line":79,"column":8},"end":{"line":79,"column":37}},"22":{"start":{"line":80,"column":8},"end":{"line":80,"column":35}},"23":{"start":{"line":86,"column":8},"end":{"line":90,"column":10}},"24":{"start":{"line":91,"column":8},"end":{"line":91,"column":76}},"25":{"start":{"line":91,"column":39},"end":{"line":91,"column":74}},"26":{"start":{"line":92,"column":8},"end":{"line":92,"column":76}},"27":{"start":{"line":92,"column":39},"end":{"line":92,"column":74}},"28":{"start":{"line":93,"column":8},"end":{"line":93,"column":76}},"29":{"start":{"line":93,"column":39},"end":{"line":93,"column":74}},"30":{"start":{"line":94,"column":8},"end":{"line":94,"column":31}},"31":{"start":{"line":95,"column":8},"end":{"line":98,"column":11}},"32":{"start":{"line":101,"column":25},"end":{"line":111,"column":5}},"33":{"start":{"line":102,"column":24},"end":{"line":102,"column":62}},"34":{"start":{"line":103,"column":25},"end":{"line":103,"column":73}},"35":{"start":{"line":104,"column":8},"end":{"line":108,"column":14}},"36":{"start":{"line":109,"column":8},"end":{"line":110,"column":49}},"37":{"start":{"line":110,"column":12},"end":{"line":110,"column":49}},"38":{"start":{"line":114,"column":8},"end":{"line":114,"column":80}},"39":{"start":{"line":114,"column":63},"end":{"line":114,"column":80}},"40":{"start":{"line":115,"column":8},"end":{"line":115,"column":76}},"41":{"start":{"line":115,"column":58},"end":{"line":115,"column":76}},"42":{"start":{"line":116,"column":8},"end":{"line":139,"column":9}},"43":{"start":{"line":117,"column":12},"end":{"line":121,"column":15}},"44":{"start":{"line":118,"column":16},"end":{"line":120,"column":19}},"45":{"start":{"line":122,"column":12},"end":{"line":124,"column":15}},"46":{"start":{"line":125,"column":12},"end":{"line":125,"column":76}},"47":{"start":{"line":126,"column":12},"end":{"line":128,"column":15}},"48":{"start":{"line":130,"column":12},"end":{"line":132,"column":15}},"49":{"start":{"line":133,"column":12},"end":{"line":135,"column":9}},"50":{"start":{"line":136,"column":12},"end":{"line":138,"column":15}},"51":{"start":{"line":140,"column":8},"end":{"line":140,"column":56}},"52":{"start":{"line":141,"column":8},"end":{"line":141,"column":77}},"53":{"start":{"line":141,"column":43},"end":{"line":141,"column":75}},"54":{"start":{"line":142,"column":8},"end":{"line":142,"column":77}},"55":{"start":{"line":142,"column":43},"end":{"line":142,"column":75}},"56":{"start":{"line":145,"column":25},"end":{"line":153,"column":5}},"57":{"start":{"line":146,"column":24},"end":{"line":150,"column":9}},"58":{"start":{"line":151,"column":8},"end":{"line":151,"column":33}},"59":{"start":{"line":152,"column":8},"end":{"line":152,"column":50}},"60":{"start":{"line":155,"column":25},"end":{"line":163,"column":5}},"61":{"start":{"line":156,"column":24},"end":{"line":160,"column":9}},"62":{"start":{"line":161,"column":8},"end":{"line":161,"column":33}},"63":{"start":{"line":162,"column":8},"end":{"line":162,"column":50}},"64":{"start":{"line":166,"column":8},"end":{"line":166,"column":81}},"65":{"start":{"line":166,"column":62},"end":{"line":166,"column":81}},"66":{"start":{"line":169,"column":8},"end":{"line":181,"column":9}},"67":{"start":{"line":170,"column":12},"end":{"line":172,"column":15}},"68":{"start":{"line":173,"column":12},"end":{"line":173,"column":63}},"69":{"start":{"line":174,"column":12},"end":{"line":174,"column":59}},"70":{"start":{"line":176,"column":12},"end":{"line":178,"column":15}},"71":{"start":{"line":179,"column":12},"end":{"line":179,"column":111}},"72":{"start":{"line":180,"column":12},"end":{"line":180,"column":58}},"73":{"start":{"line":183,"column":8},"end":{"line":185,"column":11}},"74":{"start":{"line":184,"column":12},"end":{"line":184,"column":90}},"75":{"start":{"line":184,"column":51},"end":{"line":184,"column":88}},"76":{"start":{"line":188,"column":8},"end":{"line":195,"column":9}},"77":{"start":{"line":189,"column":12},"end":{"line":191,"column":9}},"78":{"start":{"line":192,"column":12},"end":{"line":194,"column":15}},"79":{"start":{"line":197,"column":8},"end":{"line":197,"column":21}}},"fnMap":{"0":{"name":"(anonymous_0)","decl":{"start":{"line":8,"column":29},"end":{"line":8,"column":30}},"loc":{"start":{"line":8,"column":47},"end":{"line":24,"column":1}},"line":8},"1":{"name":"(anonymous_1)","decl":{"start":{"line":10,"column":20},"end":{"line":10,"column":21}},"loc":{"start":{"line":10,"column":28},"end":{"line":23,"column":9}},"line":10},"2":{"name":"(anonymous_2)","decl":{"start":{"line":26,"column":20},"end":{"line":26,"column":21}},"loc":{"start":{"line":26,"column":30},"end":{"line":51,"column":1}},"line":26},"3":{"name":"(anonymous_3)","decl":{"start":{"line":53,"column":21},"end":{"line":53,"column":22}},"loc":{"start":{"line":53,"column":32},"end":{"line":57,"column":1}},"line":53},"4":{"name":"(anonymous_4)","decl":{"start":{"line":55,"column":18},"end":{"line":55,"column":19}},"loc":{"start":{"line":55,"column":28},"end":{"line":55,"column":38}},"line":55},"5":{"name":"(anonymous_5)","decl":{"start":{"line":59,"column":25},"end":{"line":59,"column":26}},"loc":{"start":{"line":59,"column":36},"end":{"line":68,"column":1}},"line":59},"6":{"name":"(anonymous_6)","decl":{"start":{"line":71,"column":4},"end":{"line":71,"column":5}},"loc":{"start":{"line":77,"column":7},"end":{"line":99,"column":5}},"line":77},"7":{"name":"(anonymous_7)","decl":{"start":{"line":91,"column":32},"end":{"line":91,"column":33}},"loc":{"start":{"line":91,"column":39},"end":{"line":91,"column":74}},"line":91},"8":{"name":"(anonymous_8)","decl":{"start":{"line":92,"column":32},"end":{"line":92,"column":33}},"loc":{"start":{"line":92,"column":39},"end":{"line":92,"column":74}},"line":92},"9":{"name":"(anonymous_9)","decl":{"start":{"line":93,"column":32},"end":{"line":93,"column":33}},"loc":{"start":{"line":93,"column":39},"end":{"line":93,"column":74}},"line":93},"10":{"name":"(anonymous_10)","decl":{"start":{"line":101,"column":25},"end":{"line":101,"column":26}},"loc":{"start":{"line":101,"column":31},"end":{"line":111,"column":5}},"line":101},"11":{"name":"(anonymous_11)","decl":{"start":{"line":113,"column":4},"end":{"line":113,"column":5}},"loc":{"start":{"line":113,"column":37},"end":{"line":143,"column":5}},"line":113},"12":{"name":"(anonymous_12)","decl":{"start":{"line":117,"column":26},"end":{"line":117,"column":27}},"loc":{"start":{"line":117,"column":31},"end":{"line":121,"column":13}},"line":117},"13":{"name":"(anonymous_13)","decl":{"start":{"line":141,"column":36},"end":{"line":141,"column":37}},"loc":{"start":{"line":141,"column":43},"end":{"line":141,"column":75}},"line":141},"14":{"name":"(anonymous_14)","decl":{"start":{"line":142,"column":36},"end":{"line":142,"column":37}},"loc":{"start":{"line":142,"column":43},"end":{"line":142,"column":75}},"line":142},"15":{"name":"(anonymous_15)","decl":{"start":{"line":145,"column":25},"end":{"line":145,"column":26}},"loc":{"start":{"line":145,"column":38},"end":{"line":153,"column":5}},"line":145},"16":{"name":"(anonymous_16)","decl":{"start":{"line":155,"column":25},"end":{"line":155,"column":26}},"loc":{"start":{"line":155,"column":38},"end":{"line":163,"column":5}},"line":155},"17":{"name":"(anonymous_17)","decl":{"start":{"line":165,"column":4},"end":{"line":165,"column":5}},"loc":{"start":{"line":165,"column":39},"end":{"line":198,"column":5}},"line":165},"18":{"name":"(anonymous_18)","decl":{"start":{"line":183,"column":22},"end":{"line":183,"column":23}},"loc":{"start":{"line":183,"column":30},"end":{"line":185,"column":9}},"line":183},"19":{"name":"(anonymous_19)","decl":{"start":{"line":184,"column":44},"end":{"line":184,"column":45}},"loc":{"start":{"line":184,"column":51},"end":{"line":184,"column":88}},"line":184}},"branchMap":{"0":{"loc":{"start":{"line":9,"column":11},"end":{"line":23,"column":15}},"type":"cond-expr","locations":[{"start":{"line":10,"column":8},"end":{"line":23,"column":10}},{"start":{"line":23,"column":13},"end":{"line":23,"column":15}}],"line":9},"1":{"loc":{"start":{"line":9,"column":12},"end":{"line":9,"column":31}},"type":"binary-expr","locations":[{"start":{"line":9,"column":12},"end":{"line":9,"column":16}},{"start":{"line":9,"column":20},"end":{"line":9,"column":31}}],"line":9},"2":{"loc":{"start":{"line":14,"column":12},"end":{"line":20,"column":13}},"type":"if","locations":[{"start":{"line":14,"column":12},"end":{"line":20,"column":13}},{"start":{"line":14,"column":12},"end":{"line":20,"column":13}}],"line":14},"3":{"loc":{"start":{"line":19,"column":34},"end":{"line":19,"column":109}},"type":"binary-expr","locations":[{"start":{"line":19,"column":35},"end":{"line":19,"column":57}},{"start":{"line":19,"column":62},"end":{"line":19,"column":109}}],"line":19},"4":{"loc":{"start":{"line":28,"column":22},"end":{"line":30,"column":10}},"type":"cond-expr","locations":[{"start":{"line":29,"column":8},"end":{"line":29,"column":39}},{"start":{"line":30,"column":8},"end":{"line":30,"column":10}}],"line":28},"5":{"loc":{"start":{"line":31,"column":21},"end":{"line":33,"column":25}},"type":"cond-expr","locations":[{"start":{"line":32,"column":8},"end":{"line":32,"column":39}},{"start":{"line":33,"column":8},"end":{"line":33,"column":25}}],"line":31},"6":{"loc":{"start":{"line":54,"column":11},"end":{"line":56,"column":10}},"type":"cond-expr","locations":[{"start":{"line":55,"column":8},"end":{"line":55,"column":48}},{"start":{"line":56,"column":8},"end":{"line":56,"column":10}}],"line":54},"7":{"loc":{"start":{"line":54,"column":11},"end":{"line":54,"column":32}},"type":"binary-expr","locations":[{"start":{"line":54,"column":11},"end":{"line":54,"column":16}},{"start":{"line":54,"column":20},"end":{"line":54,"column":32}}],"line":54},"8":{"loc":{"start":{"line":60,"column":4},"end":{"line":67,"column":5}},"type":"switch","locations":[{"start":{"line":61,"column":8},"end":{"line":62,"column":29}},{"start":{"line":63,"column":8},"end":{"line":64,"column":30}},{"start":{"line":65,"column":8},"end":{"line":66,"column":29}}],"line":60},"9":{"loc":{"start":{"line":109,"column":8},"end":{"line":110,"column":49}},"type":"if","locations":[{"start":{"line":109,"column":8},"end":{"line":110,"column":49}},{"start":{"line":109,"column":8},"end":{"line":110,"column":49}}],"line":109},"10":{"loc":{"start":{"line":114,"column":8},"end":{"line":114,"column":80}},"type":"if","locations":[{"start":{"line":114,"column":8},"end":{"line":114,"column":80}},{"start":{"line":114,"column":8},"end":{"line":114,"column":80}}],"line":114},"11":{"loc":{"start":{"line":114,"column":12},"end":{"line":114,"column":61}},"type":"binary-expr","locations":[{"start":{"line":114,"column":12},"end":{"line":114,"column":38}},{"start":{"line":114,"column":42},"end":{"line":114,"column":61}}],"line":114},"12":{"loc":{"start":{"line":115,"column":8},"end":{"line":115,"column":76}},"type":"if","locations":[{"start":{"line":115,"column":8},"end":{"line":115,"column":76}},{"start":{"line":115,"column":8},"end":{"line":115,"column":76}}],"line":115},"13":{"loc":{"start":{"line":115,"column":12},"end":{"line":115,"column":56}},"type":"binary-expr","locations":[{"start":{"line":115,"column":12},"end":{"line":115,"column":33}},{"start":{"line":115,"column":37},"end":{"line":115,"column":56}}],"line":115},"14":{"loc":{"start":{"line":116,"column":8},"end":{"line":139,"column":9}},"type":"if","locations":[{"start":{"line":116,"column":8},"end":{"line":139,"column":9}},{"start":{"line":116,"column":8},"end":{"line":139,"column":9}}],"line":116},"15":{"loc":{"start":{"line":166,"column":8},"end":{"line":166,"column":81}},"type":"if","locations":[{"start":{"line":166,"column":8},"end":{"line":166,"column":81}},{"start":{"line":166,"column":8},"end":{"line":166,"column":81}}],"line":166},"16":{"loc":{"start":{"line":166,"column":12},"end":{"line":166,"column":60}},"type":"binary-expr","locations":[{"start":{"line":166,"column":12},"end":{"line":166,"column":36}},{"start":{"line":166,"column":40},"end":{"line":166,"column":60}}],"line":166},"17":{"loc":{"start":{"line":169,"column":8},"end":{"line":181,"column":9}},"type":"if","locations":[{"start":{"line":169,"column":8},"end":{"line":181,"column":9}},{"start":{"line":169,"column":8},"end":{"line":181,"column":9}}],"line":169},"18":{"loc":{"start":{"line":188,"column":8},"end":{"line":195,"column":9}},"type":"if","locations":[{"start":{"line":188,"column":8},"end":{"line":195,"column":9}},{"start":{"line":188,"column":8},"end":{"line":195,"column":9}}],"line":188},"19":{"loc":{"start":{"line":188,"column":12},"end":{"line":188,"column":107}},"type":"binary-expr","locations":[{"start":{"line":188,"column":12},"end":{"line":188,"column":41}},{"start":{"line":188,"column":45},"end":{"line":188,"column":74}},{"start":{"line":188,"column":78},"end":{"line":188,"column":107}}],"line":188}},"s":{"0":7,"1":27,"2":24,"3":24,"4":0,"5":0,"6":24,"7":7,"8":8,"9":8,"10":8,"11":8,"12":7,"13":5,"14":8,"15":7,"16":3,"17":1,"18":1,"19":1,"20":5,"21":5,"22":5,"23":5,"24":5,"25":0,"26":5,"27":0,"28":5,"29":0,"30":5,"31":5,"32":5,"33":1,"34":1,"35":1,"36":1,"37":0,"38":2,"39":1,"40":2,"41":1,"42":2,"43":2,"44":8,"45":2,"46":2,"47":2,"48":0,"49":0,"50":0,"51":2,"52":2,"53":0,"54":2,"55":0,"56":5,"57":1,"58":1,"59":1,"60":5,"61":1,"62":1,"63":1,"64":4,"65":3,"66":4,"67":1,"68":1,"69":1,"70":3,"71":3,"72":3,"73":4,"74":16,"75":0,"76":4,"77":1,"78":1,"79":4},"f":{"0":27,"1":24,"2":8,"3":5,"4":8,"5":3,"6":5,"7":0,"8":0,"9":0,"10":1,"11":2,"12":8,"13":0,"14":0,"15":1,"16":1,"17":4,"18":16,"19":0},"b":{"0":[6,21],"1":[27,6],"2":[24,0],"3":[0,0],"4":[0,8],"5":[0,8],"6":[4,1],"7":[5,5],"8":[1,1,1],"9":[0,1],"10":[1,1],"11":[2,1],"12":[1,1],"13":[2,1],"14":[2,0],"15":[3,1],"16":[4,3],"17":[1,3],"18":[1,3],"19":[4,3,1]},"_coverageSchema":"1a1c01bbd47fc00a2c39e90264f33305004495a9","hash":"be286d048ae0e547b4fde2022909d5ca7cf5c48d"}
,"D:\\Mes Projets\\RobertManchon_9_21072021\\src\\containers\\Login.js": {"path":"D:\\Mes Projets\\RobertManchon_9_21072021\\src\\containers\\Login.js","statementMap":{"0":{"start":{"line":2,"column":31},"end":{"line":2,"column":33}},"1":{"start":{"line":7,"column":4},"end":{"line":7,"column":29}},"2":{"start":{"line":8,"column":4},"end":{"line":8,"column":37}},"3":{"start":{"line":9,"column":4},"end":{"line":9,"column":33}},"4":{"start":{"line":10,"column":4},"end":{"line":10,"column":47}},"5":{"start":{"line":11,"column":4},"end":{"line":11,"column":31}},"6":{"start":{"line":12,"column":25},"end":{"line":12,"column":89}},"7":{"start":{"line":13,"column":4},"end":{"line":13,"column":71}},"8":{"start":{"line":14,"column":22},"end":{"line":14,"column":83}},"9":{"start":{"line":15,"column":4},"end":{"line":15,"column":65}},"10":{"start":{"line":17,"column":25},"end":{"line":32,"column":3}},"11":{"start":{"line":18,"column":17},"end":{"line":23,"column":5}},"12":{"start":{"line":24,"column":4},"end":{"line":24,"column":60}},"13":{"start":{"line":25,"column":23},"end":{"line":25,"column":51}},"14":{"start":{"line":26,"column":4},"end":{"line":26,"column":43}},"15":{"start":{"line":26,"column":21},"end":{"line":26,"column":43}},"16":{"start":{"line":27,"column":4},"end":{"line":27,"column":23}},"17":{"start":{"line":28,"column":4},"end":{"line":28,"column":42}},"18":{"start":{"line":29,"column":4},"end":{"line":29,"column":50}},"19":{"start":{"line":30,"column":4},"end":{"line":30,"column":47}},"20":{"start":{"line":31,"column":4},"end":{"line":31,"column":52}},"21":{"start":{"line":34,"column":22},"end":{"line":55,"column":3}},"22":{"start":{"line":35,"column":17},"end":{"line":46,"column":5}},"23":{"start":{"line":47,"column":4},"end":{"line":47,"column":60}},"24":{"start":{"line":48,"column":23},"end":{"line":48,"column":51}},"25":{"start":{"line":49,"column":4},"end":{"line":49,"column":43}},"26":{"start":{"line":49,"column":21},"end":{"line":49,"column":43}},"27":{"start":{"line":50,"column":4},"end":{"line":50,"column":23}},"28":{"start":{"line":51,"column":4},"end":{"line":51,"column":46}},"29":{"start":{"line":52,"column":4},"end":{"line":52,"column":54}},"30":{"start":{"line":53,"column":4},"end":{"line":53,"column":47}},"31":{"start":{"line":54,"column":4},"end":{"line":54,"column":47}}},"fnMap":{"0":{"name":"(anonymous_0)","decl":{"start":{"line":6,"column":2},"end":{"line":6,"column":3}},"loc":{"start":{"line":6,"column":84},"end":{"line":16,"column":3}},"line":6},"1":{"name":"(anonymous_1)","decl":{"start":{"line":17,"column":25},"end":{"line":17,"column":26}},"loc":{"start":{"line":17,"column":32},"end":{"line":32,"column":3}},"line":17},"2":{"name":"(anonymous_2)","decl":{"start":{"line":34,"column":22},"end":{"line":34,"column":23}},"loc":{"start":{"line":34,"column":29},"end":{"line":55,"column":3}},"line":34}},"branchMap":{"0":{"loc":{"start":{"line":26,"column":4},"end":{"line":26,"column":43}},"type":"if","locations":[{"start":{"line":26,"column":4},"end":{"line":26,"column":43}},{"start":{"line":26,"column":4},"end":{"line":26,"column":43}}],"line":26},"1":{"loc":{"start":{"line":49,"column":4},"end":{"line":49,"column":43}},"type":"if","locations":[{"start":{"line":49,"column":4},"end":{"line":49,"column":43}},{"start":{"line":49,"column":4},"end":{"line":49,"column":43}}],"line":49}},"s":{"0":2,"1":2,"2":2,"3":2,"4":2,"5":2,"6":2,"7":2,"8":2,"9":2,"10":2,"11":2,"12":2,"13":2,"14":2,"15":2,"16":2,"17":2,"18":2,"19":2,"20":2,"21":2,"22":2,"23":2,"24":2,"25":2,"26":2,"27":2,"28":2,"29":2,"30":2,"31":2},"f":{"0":2,"1":2,"2":2},"b":{"0":[2,0],"1":[2,0]},"_coverageSchema":"1a1c01bbd47fc00a2c39e90264f33305004495a9","hash":"4f5cfafc8a3777c49d566ecb5f652dd6d908ba26"}
,"D:\\Mes Projets\\RobertManchon_9_21072021\\src\\containers\\Logout.js": {"path":"D:\\Mes Projets\\RobertManchon_9_21072021\\src\\containers\\Logout.js","statementMap":{"0":{"start":{"line":5,"column":4},"end":{"line":5,"column":28}},"1":{"start":{"line":6,"column":4},"end":{"line":6,"column":32}},"2":{"start":{"line":7,"column":4},"end":{"line":7,"column":36}},"3":{"start":{"line":8,"column":4},"end":{"line":8,"column":51}},"4":{"start":{"line":11,"column":16},"end":{"line":14,"column":3}},"5":{"start":{"line":12,"column":4},"end":{"line":12,"column":29}},"6":{"start":{"line":13,"column":4},"end":{"line":13,"column":41}}},"fnMap":{"0":{"name":"(anonymous_0)","decl":{"start":{"line":4,"column":2},"end":{"line":4,"column":3}},"loc":{"start":{"line":4,"column":54},"end":{"line":9,"column":3}},"line":4},"1":{"name":"(anonymous_1)","decl":{"start":{"line":11,"column":16},"end":{"line":11,"column":17}},"loc":{"start":{"line":11,"column":23},"end":{"line":14,"column":3}},"line":11}},"branchMap":{},"s":{"0":14,"1":14,"2":14,"3":14,"4":14,"5":2,"6":2},"f":{"0":14,"1":2},"b":{},"_coverageSchema":"1a1c01bbd47fc00a2c39e90264f33305004495a9","hash":"5d7985e5335fa8db24a2c7851f569ecaddd75244"}
,"D:\\Mes Projets\\RobertManchon_9_21072021\\src\\containers\\NewBill.js": {"path":"D:\\Mes Projets\\RobertManchon_9_21072021\\src\\containers\\NewBill.js","statementMap":{"0":{"start":{"line":7,"column":8},"end":{"line":7,"column":32}},"1":{"start":{"line":8,"column":8},"end":{"line":8,"column":36}},"2":{"start":{"line":9,"column":8},"end":{"line":9,"column":34}},"3":{"start":{"line":10,"column":28},"end":{"line":10,"column":92}},"4":{"start":{"line":11,"column":8},"end":{"line":11,"column":65}},"5":{"start":{"line":12,"column":21},"end":{"line":12,"column":77}},"6":{"start":{"line":13,"column":8},"end":{"line":13,"column":62}},"7":{"start":{"line":14,"column":8},"end":{"line":14,"column":27}},"8":{"start":{"line":15,"column":8},"end":{"line":15,"column":28}},"9":{"start":{"line":16,"column":8},"end":{"line":16,"column":58}},"10":{"start":{"line":18,"column":23},"end":{"line":45,"column":5}},"11":{"start":{"line":19,"column":8},"end":{"line":19,"column":75}},"12":{"start":{"line":20,"column":21},"end":{"line":20,"column":86}},"13":{"start":{"line":21,"column":30},"end":{"line":21,"column":56}},"14":{"start":{"line":22,"column":25},"end":{"line":22,"column":52}},"15":{"start":{"line":23,"column":25},"end":{"line":23,"column":52}},"16":{"start":{"line":27,"column":8},"end":{"line":42,"column":9}},"17":{"start":{"line":40,"column":12},"end":{"line":40,"column":80}},"18":{"start":{"line":41,"column":12},"end":{"line":41,"column":76}},"19":{"start":{"line":46,"column":19},"end":{"line":65,"column":5}},"20":{"start":{"line":47,"column":8},"end":{"line":47,"column":26}},"21":{"start":{"line":49,"column":22},"end":{"line":49,"column":68}},"22":{"start":{"line":50,"column":21},"end":{"line":62,"column":9}},"23":{"start":{"line":63,"column":8},"end":{"line":63,"column":29}},"24":{"start":{"line":64,"column":8},"end":{"line":64,"column":45}}},"fnMap":{"0":{"name":"(anonymous_0)","decl":{"start":{"line":6,"column":4},"end":{"line":6,"column":5}},"loc":{"start":{"line":6,"column":67},"end":{"line":17,"column":5}},"line":6},"1":{"name":"(anonymous_1)","decl":{"start":{"line":18,"column":23},"end":{"line":18,"column":24}},"loc":{"start":{"line":18,"column":28},"end":{"line":45,"column":5}},"line":18},"2":{"name":"(anonymous_2)","decl":{"start":{"line":46,"column":19},"end":{"line":46,"column":20}},"loc":{"start":{"line":46,"column":24},"end":{"line":65,"column":5}},"line":46}},"branchMap":{"0":{"loc":{"start":{"line":27,"column":8},"end":{"line":42,"column":9}},"type":"if","locations":[{"start":{"line":27,"column":8},"end":{"line":42,"column":9}},{"start":{"line":27,"column":8},"end":{"line":42,"column":9}}],"line":27},"1":{"loc":{"start":{"line":57,"column":17},"end":{"line":57,"column":89}},"type":"binary-expr","locations":[{"start":{"line":57,"column":17},"end":{"line":57,"column":83}},{"start":{"line":57,"column":87},"end":{"line":57,"column":89}}],"line":57}},"s":{"0":5,"1":5,"2":5,"3":5,"4":5,"5":5,"6":5,"7":5,"8":5,"9":5,"10":5,"11":2,"12":2,"13":2,"14":2,"15":2,"16":2,"17":2,"18":2,"19":5,"20":1,"21":1,"22":1,"23":1,"24":1},"f":{"0":5,"1":2,"2":1},"b":{"0":[0,2],"1":[1,0]},"_coverageSchema":"1a1c01bbd47fc00a2c39e90264f33305004495a9","hash":"48de259f95c1868a2a63711dbb82056eeb5fd04a"}
,"D:\\Mes Projets\\RobertManchon_9_21072021\\src\\views\\Actions.js": {"path":"D:\\Mes Projets\\RobertManchon_9_21072021\\src\\views\\Actions.js","statementMap":{"0":{"start":{"line":5,"column":2},"end":{"line":11,"column":3}}},"fnMap":{"0":{"name":"(anonymous_0)","decl":{"start":{"line":4,"column":15},"end":{"line":4,"column":16}},"loc":{"start":{"line":4,"column":28},"end":{"line":12,"column":1}},"line":4}},"branchMap":{},"s":{"0":18},"f":{"0":18},"b":{},"_coverageSchema":"1a1c01bbd47fc00a2c39e90264f33305004495a9","hash":"32ab3e4da6e719b96b3acf412608ac46d080fe9d"}
,"D:\\Mes Projets\\RobertManchon_9_21072021\\src\\views\\BillsUI.js": {"path":"D:\\Mes Projets\\RobertManchon_9_21072021\\src\\views\\BillsUI.js","statementMap":{"0":{"start":{"line":7,"column":12},"end":{"line":20,"column":1}},"1":{"start":{"line":8,"column":4},"end":{"line":19,"column":6}},"2":{"start":{"line":22,"column":13},"end":{"line":41,"column":1}},"3":{"start":{"line":31,"column":4},"end":{"line":39,"column":5}},"4":{"start":{"line":32,"column":8},"end":{"line":36,"column":11}},"5":{"start":{"line":33,"column":12},"end":{"line":33,"column":32}},"6":{"start":{"line":34,"column":12},"end":{"line":34,"column":55}},"7":{"start":{"line":38,"column":8},"end":{"line":38,"column":52}},"8":{"start":{"line":38,"column":32},"end":{"line":38,"column":41}},"9":{"start":{"line":40,"column":4},"end":{"line":40,"column":14}},"10":{"start":{"line":44,"column":18},"end":{"line":59,"column":3}},"11":{"start":{"line":44,"column":24},"end":{"line":59,"column":3}},"12":{"start":{"line":61,"column":4},"end":{"line":65,"column":5}},"13":{"start":{"line":62,"column":8},"end":{"line":62,"column":29}},"14":{"start":{"line":63,"column":11},"end":{"line":65,"column":5}},"15":{"start":{"line":64,"column":8},"end":{"line":64,"column":32}},"16":{"start":{"line":67,"column":4},"end":{"line":94,"column":12}}},"fnMap":{"0":{"name":"(anonymous_0)","decl":{"start":{"line":7,"column":12},"end":{"line":7,"column":13}},"loc":{"start":{"line":7,"column":22},"end":{"line":20,"column":1}},"line":7},"1":{"name":"(anonymous_1)","decl":{"start":{"line":22,"column":13},"end":{"line":22,"column":14}},"loc":{"start":{"line":22,"column":23},"end":{"line":41,"column":1}},"line":22},"2":{"name":"(anonymous_2)","decl":{"start":{"line":32,"column":18},"end":{"line":32,"column":19}},"loc":{"start":{"line":32,"column":34},"end":{"line":36,"column":9}},"line":32},"3":{"name":"(anonymous_3)","decl":{"start":{"line":38,"column":24},"end":{"line":38,"column":25}},"loc":{"start":{"line":38,"column":32},"end":{"line":38,"column":41}},"line":38},"4":{"name":"(anonymous_4)","decl":{"start":{"line":43,"column":15},"end":{"line":43,"column":16}},"loc":{"start":{"line":43,"column":50},"end":{"line":95,"column":1}},"line":43},"5":{"name":"(anonymous_5)","decl":{"start":{"line":44,"column":18},"end":{"line":44,"column":19}},"loc":{"start":{"line":44,"column":24},"end":{"line":59,"column":3}},"line":44}},"branchMap":{"0":{"loc":{"start":{"line":31,"column":4},"end":{"line":39,"column":5}},"type":"if","locations":[{"start":{"line":31,"column":4},"end":{"line":39,"column":5}},{"start":{"line":31,"column":4},"end":{"line":39,"column":5}}],"line":31},"1":{"loc":{"start":{"line":31,"column":8},"end":{"line":31,"column":27}},"type":"binary-expr","locations":[{"start":{"line":31,"column":8},"end":{"line":31,"column":12}},{"start":{"line":31,"column":16},"end":{"line":31,"column":27}}],"line":31},"2":{"loc":{"start":{"line":61,"column":4},"end":{"line":65,"column":5}},"type":"if","locations":[{"start":{"line":61,"column":4},"end":{"line":65,"column":5}},{"start":{"line":61,"column":4},"end":{"line":65,"column":5}}],"line":61},"3":{"loc":{"start":{"line":63,"column":11},"end":{"line":65,"column":5}},"type":"if","locations":[{"start":{"line":63,"column":11},"end":{"line":65,"column":5}},{"start":{"line":63,"column":11},"end":{"line":65,"column":5}}],"line":63}},"s":{"0":7,"1":16,"2":7,"3":8,"4":4,"5":15,"6":15,"7":4,"8":16,"9":4,"10":13,"11":8,"12":13,"13":2,"14":11,"15":3,"16":8},"f":{"0":16,"1":8,"2":15,"3":16,"4":13,"5":8},"b":{"0":[4,4],"1":[8,6],"2":[2,11],"3":[3,8]},"_coverageSchema":"1a1c01bbd47fc00a2c39e90264f33305004495a9","hash":"f9efe9fae8055a390ff131f1836f1404f8bd47e0"}
,"D:\\Mes Projets\\RobertManchon_9_21072021\\src\\views\\DashboardFormUI.js": {"path":"D:\\Mes Projets\\RobertManchon_9_21072021\\src\\views\\DashboardFormUI.js","statementMap":{"0":{"start":{"line":7,"column":21},"end":{"line":22,"column":4}},"1":{"start":{"line":7,"column":28},"end":{"line":22,"column":3}},"2":{"start":{"line":26,"column":2},"end":{"line":101,"column":4}}},"fnMap":{"0":{"name":"(anonymous_0)","decl":{"start":{"line":7,"column":21},"end":{"line":7,"column":22}},"loc":{"start":{"line":7,"column":28},"end":{"line":22,"column":3}},"line":7},"1":{"name":"(anonymous_1)","decl":{"start":{"line":24,"column":15},"end":{"line":24,"column":16}},"loc":{"start":{"line":24,"column":25},"end":{"line":102,"column":1}},"line":24}},"branchMap":{"0":{"loc":{"start":{"line":79,"column":9},"end":{"line":89,"column":9}},"type":"cond-expr","locations":[{"start":{"line":79,"column":38},"end":{"line":84,"column":8}},{"start":{"line":84,"column":13},"end":{"line":89,"column":8}}],"line":79},"1":{"loc":{"start":{"line":92,"column":8},"end":{"line":97,"column":13}},"type":"cond-expr","locations":[{"start":{"line":92,"column":37},"end":{"line":97,"column":7}},{"start":{"line":97,"column":11},"end":{"line":97,"column":13}}],"line":92}},"s":{"0":8,"1":9,"2":9},"f":{"0":9,"1":9},"b":{"0":[6,3],"1":[6,3]},"_coverageSchema":"1a1c01bbd47fc00a2c39e90264f33305004495a9","hash":"1d7869af4d5ede463e679ae07ed2ff54d1b278fe"}
,"D:\\Mes Projets\\RobertManchon_9_21072021\\src\\views\\DashboardUI.js": {"path":"D:\\Mes Projets\\RobertManchon_9_21072021\\src\\views\\DashboardUI.js","statementMap":{"0":{"start":{"line":10,"column":2},"end":{"line":14,"column":3}},"1":{"start":{"line":11,"column":4},"end":{"line":11,"column":24}},"2":{"start":{"line":12,"column":9},"end":{"line":14,"column":3}},"3":{"start":{"line":13,"column":4},"end":{"line":13,"column":27}},"4":{"start":{"line":16,"column":2},"end":{"line":48,"column":3}}},"fnMap":{"0":{"name":"(anonymous_0)","decl":{"start":{"line":8,"column":15},"end":{"line":8,"column":16}},"loc":{"start":{"line":8,"column":45},"end":{"line":49,"column":1}},"line":8}},"branchMap":{"0":{"loc":{"start":{"line":10,"column":2},"end":{"line":14,"column":3}},"type":"if","locations":[{"start":{"line":10,"column":2},"end":{"line":14,"column":3}},{"start":{"line":10,"column":2},"end":{"line":14,"column":3}}],"line":10},"1":{"loc":{"start":{"line":12,"column":9},"end":{"line":14,"column":3}},"type":"if","locations":[{"start":{"line":12,"column":9},"end":{"line":14,"column":3}},{"start":{"line":12,"column":9},"end":{"line":14,"column":3}}],"line":12},"2":{"loc":{"start":{"line":22,"column":45},"end":{"line":22,"column":63}},"type":"binary-expr","locations":[{"start":{"line":22,"column":45},"end":{"line":22,"column":49}},{"start":{"line":22,"column":53},"end":{"line":22,"column":63}}],"line":22},"3":{"loc":{"start":{"line":29,"column":43},"end":{"line":29,"column":61}},"type":"binary-expr","locations":[{"start":{"line":29,"column":43},"end":{"line":29,"column":47}},{"start":{"line":29,"column":51},"end":{"line":29,"column":61}}],"line":29},"4":{"loc":{"start":{"line":36,"column":43},"end":{"line":36,"column":61}},"type":"binary-expr","locations":[{"start":{"line":36,"column":43},"end":{"line":36,"column":47}},{"start":{"line":36,"column":51},"end":{"line":36,"column":61}}],"line":36}},"s":{"0":11,"1":1,"2":10,"3":3,"4":7},"f":{"0":11},"b":{"0":[1,10],"1":[3,7],"2":[7,2],"3":[7,2],"4":[7,2]},"_coverageSchema":"1a1c01bbd47fc00a2c39e90264f33305004495a9","hash":"d32fcde76473d97184bc5606f61fd65f177321da"}
,"D:\\Mes Projets\\RobertManchon_9_21072021\\src\\views\\ErrorPage.js": {"path":"D:\\Mes Projets\\RobertManchon_9_21072021\\src\\views\\ErrorPage.js","statementMap":{"0":{"start":{"line":5,"column":2},"end":{"line":16,"column":3}}},"fnMap":{"0":{"name":"(anonymous_0)","decl":{"start":{"line":3,"column":15},"end":{"line":3,"column":16}},"loc":{"start":{"line":3,"column":26},"end":{"line":17,"column":1}},"line":3}},"branchMap":{"0":{"loc":{"start":{"line":13,"column":12},"end":{"line":13,"column":30}},"type":"cond-expr","locations":[{"start":{"line":13,"column":20},"end":{"line":13,"column":25}},{"start":{"line":13,"column":28},"end":{"line":13,"column":30}}],"line":13}},"s":{"0":8},"f":{"0":8},"b":{"0":[7,1]},"_coverageSchema":"1a1c01bbd47fc00a2c39e90264f33305004495a9","hash":"d622b888562eb9c6685f236b71f3cda01cd6deee"}
,"D:\\Mes Projets\\RobertManchon_9_21072021\\src\\views\\LoadingPage.js": {"path":"D:\\Mes Projets\\RobertManchon_9_21072021\\src\\views\\LoadingPage.js","statementMap":{"0":{"start":{"line":5,"column":2},"end":{"line":12,"column":3}}},"fnMap":{"0":{"name":"(anonymous_0)","decl":{"start":{"line":3,"column":15},"end":{"line":3,"column":16}},"loc":{"start":{"line":3,"column":21},"end":{"line":13,"column":1}},"line":3}},"branchMap":{},"s":{"0":4},"f":{"0":4},"b":{},"_coverageSchema":"1a1c01bbd47fc00a2c39e90264f33305004495a9","hash":"1a6864c1708e31fb0415848e4a8ff98a91b58a05"}
,"D:\\Mes Projets\\RobertManchon_9_21072021\\src\\views\\LoginUI.js": {"path":"D:\\Mes Projets\\RobertManchon_9_21072021\\src\\views\\LoginUI.js","statementMap":{"0":{"start":{"line":4,"column":2},"end":{"line":46,"column":4}}},"fnMap":{"0":{"name":"(anonymous_0)","decl":{"start":{"line":2,"column":15},"end":{"line":2,"column":16}},"loc":{"start":{"line":2,"column":21},"end":{"line":47,"column":1}},"line":2}},"branchMap":{},"s":{"0":13},"f":{"0":13},"b":{},"_coverageSchema":"1a1c01bbd47fc00a2c39e90264f33305004495a9","hash":"bcb6b8988cf433503f474e4eb4c6a8c9327cb1af"}
,"D:\\Mes Projets\\RobertManchon_9_21072021\\src\\views\\NewBillUI.js": {"path":"D:\\Mes Projets\\RobertManchon_9_21072021\\src\\views\\NewBillUI.js","statementMap":{"0":{"start":{"line":5,"column":4},"end":{"line":76,"column":4}}},"fnMap":{"0":{"name":"(anonymous_0)","decl":{"start":{"line":3,"column":15},"end":{"line":3,"column":16}},"loc":{"start":{"line":3,"column":21},"end":{"line":77,"column":1}},"line":3}},"branchMap":{},"s":{"0":8},"f":{"0":8},"b":{},"_coverageSchema":"1a1c01bbd47fc00a2c39e90264f33305004495a9","hash":"9b90f1f4d2e168120b341990db4cf83d82b2bdbd"}
,"D:\\Mes Projets\\RobertManchon_9_21072021\\src\\views\\VerticalLayout.js": {"path":"D:\\Mes Projets\\RobertManchon_9_21072021\\src\\views\\VerticalLayout.js","statementMap":{"0":{"start":{"line":7,"column":4},"end":{"line":7,"column":51}},"1":{"start":{"line":8,"column":4},"end":{"line":10,"column":5}},"2":{"start":{"line":9,"column":6},"end":{"line":9,"column":29}},"3":{"start":{"line":11,"column":4},"end":{"line":39,"column":5}},"4":{"start":{"line":12,"column":6},"end":{"line":27,"column":7}},"5":{"start":{"line":29,"column":6},"end":{"line":38,"column":7}}},"fnMap":{"0":{"name":"(anonymous_0)","decl":{"start":{"line":5,"column":15},"end":{"line":5,"column":16}},"loc":{"start":{"line":5,"column":27},"end":{"line":40,"column":1}},"line":5}},"branchMap":{"0":{"loc":{"start":{"line":8,"column":4},"end":{"line":10,"column":5}},"type":"if","locations":[{"start":{"line":8,"column":4},"end":{"line":10,"column":5}},{"start":{"line":8,"column":4},"end":{"line":10,"column":5}}],"line":8},"1":{"loc":{"start":{"line":11,"column":4},"end":{"line":39,"column":5}},"type":"if","locations":[{"start":{"line":11,"column":4},"end":{"line":39,"column":5}},{"start":{"line":11,"column":4},"end":{"line":39,"column":5}}],"line":11},"2":{"loc":{"start":{"line":11,"column":8},"end":{"line":11,"column":40}},"type":"binary-expr","locations":[{"start":{"line":11,"column":8},"end":{"line":11,"column":12}},{"start":{"line":11,"column":16},"end":{"line":11,"column":40}}],"line":11}},"s":{"0":35,"1":35,"2":23,"3":35,"4":17,"5":18},"f":{"0":35},"b":{"0":[23,12],"1":[17,18],"2":[35,23]},"_coverageSchema":"1a1c01bbd47fc00a2c39e90264f33305004495a9","hash":"5f079277940914c50c835830af0418f2a4fe2b0f"}
}
