TN:
SF:src\constants\routes.js
FN:13,(anonymous_0)
FNF:1
FNH:1
FNDA:19,(anonymous_0)
DA:6,7
DA:13,7
DA:14,19
DA:16,3
DA:18,4
DA:20,3
DA:22,5
DA:24,4
LF:8
LH:8
BRDA:14,0,0,3
BRDA:14,0,1,4
BRDA:14,0,2,3
BRDA:14,0,3,5
BRDA:14,0,4,4
BRF:5
BRH:5
end_of_record
TN:
SF:src\constants\usersTest.js
FNF:0
FNH:0
LF:0
LH:0
BRF:0
BRH:0
end_of_record
TN:
SF:src\containers\Bills.js
FN:6,(anonymous_0)
FN:13,(anonymous_1)
FN:14,(anonymous_2)
FN:19,(anonymous_3)
FN:23,(anonymous_4)
FNF:5
FNH:5
FNDA:3,(anonymous_0)
FNDA:12,(anonymous_1)
FNDA:1,(anonymous_2)
FNDA:1,(anonymous_3)
FNDA:1,(anonymous_4)
DA:7,3
DA:8,3
DA:9,3
DA:10,3
DA:11,3
DA:12,3
DA:13,3
DA:14,12
DA:16,3
DA:19,3
DA:20,1
DA:23,3
DA:24,1
DA:25,1
DA:26,1
DA:27,1
LF:16
LH:16
BRDA:11,0,0,3
BRDA:11,0,1,0
BRDA:13,1,0,3
BRDA:13,1,1,0
BRF:4
BRH:2
end_of_record
TN:
SF:src\containers\Dashboard.js
FN:8,(anonymous_0)
FN:10,(anonymous_1)
FN:26,(anonymous_2)
FN:53,(anonymous_3)
FN:55,(anonymous_4)
FN:59,(anonymous_5)
FN:71,(anonymous_6)
FN:91,(anonymous_7)
FN:92,(anonymous_8)
FN:93,(anonymous_9)
FN:101,(anonymous_10)
FN:113,(anonymous_11)
FN:117,(anonymous_12)
FN:141,(anonymous_13)
FN:142,(anonymous_14)
FN:145,(anonymous_15)
FN:155,(anonymous_16)
FN:165,(anonymous_17)
FN:183,(anonymous_18)
FN:184,(anonymous_19)
FNF:20
FNH:14
FNDA:27,(anonymous_0)
FNDA:24,(anonymous_1)
FNDA:8,(anonymous_2)
FNDA:5,(anonymous_3)
FNDA:8,(anonymous_4)
FNDA:3,(anonymous_5)
FNDA:5,(anonymous_6)
FNDA:0,(anonymous_7)
FNDA:0,(anonymous_8)
FNDA:0,(anonymous_9)
FNDA:1,(anonymous_10)
FNDA:2,(anonymous_11)
FNDA:8,(anonymous_12)
FNDA:0,(anonymous_13)
FNDA:0,(anonymous_14)
FNDA:1,(anonymous_15)
FNDA:1,(anonymous_16)
FNDA:4,(anonymous_17)
FNDA:16,(anonymous_18)
FNDA:0,(anonymous_19)
DA:8,7
DA:9,27
DA:14,24
DA:15,24
DA:18,0
DA:19,0
DA:22,24
DA:26,7
DA:27,8
DA:28,8
DA:31,8
DA:35,8
DA:53,7
DA:54,5
DA:55,8
DA:59,7
DA:60,3
DA:62,1
DA:64,1
DA:66,1
DA:78,5
DA:79,5
DA:80,5
DA:86,5
DA:91,5
DA:92,5
DA:93,5
DA:94,5
DA:95,5
DA:101,5
DA:102,1
DA:103,1
DA:104,1
DA:109,1
DA:110,0
DA:114,2
DA:115,2
DA:116,2
DA:117,2
DA:118,8
DA:122,2
DA:125,2
DA:126,2
DA:130,0
DA:133,0
DA:136,0
DA:140,2
DA:141,2
DA:142,2
DA:145,5
DA:146,1
DA:151,1
DA:152,1
DA:155,5
DA:156,1
DA:161,1
DA:162,1
DA:166,4
DA:169,4
DA:170,1
DA:173,1
DA:174,1
DA:176,3
DA:179,3
DA:180,3
DA:183,4
DA:184,16
DA:188,4
DA:189,1
DA:192,1
DA:197,4
LF:71
LH:65
BRDA:9,0,0,6
BRDA:9,0,1,21
BRDA:9,1,0,27
BRDA:9,1,1,6
BRDA:14,2,0,24
BRDA:14,2,1,0
BRDA:19,3,0,0
BRDA:19,3,1,0
BRDA:28,4,0,0
BRDA:28,4,1,8
BRDA:31,5,0,0
BRDA:31,5,1,8
BRDA:54,6,0,4
BRDA:54,6,1,1
BRDA:54,7,0,5
BRDA:54,7,1,5
BRDA:60,8,0,1
BRDA:60,8,1,1
BRDA:60,8,2,1
BRDA:109,9,0,0
BRDA:109,9,1,1
BRDA:114,10,0,1
BRDA:114,10,1,1
BRDA:114,11,0,2
BRDA:114,11,1,1
BRDA:115,12,0,1
BRDA:115,12,1,1
BRDA:115,13,0,2
BRDA:115,13,1,1
BRDA:116,14,0,2
BRDA:116,14,1,0
BRDA:166,15,0,3
BRDA:166,15,1,1
BRDA:166,16,0,4
BRDA:166,16,1,3
BRDA:169,17,0,1
BRDA:169,17,1,3
BRDA:188,18,0,1
BRDA:188,18,1,3
BRDA:188,19,0,4
BRDA:188,19,1,3
BRDA:188,19,2,1
BRF:42
BRH:35
end_of_record
TN:
SF:src\containers\Login.js
FN:6,(anonymous_0)
FN:17,(anonymous_1)
FN:34,(anonymous_2)
FNF:3
FNH:3
FNDA:2,(anonymous_0)
FNDA:2,(anonymous_1)
FNDA:2,(anonymous_2)
DA:2,2
DA:7,2
DA:8,2
DA:9,2
DA:10,2
DA:11,2
DA:12,2
DA:13,2
DA:14,2
DA:15,2
DA:17,2
DA:18,2
DA:24,2
DA:25,2
DA:26,2
DA:27,2
DA:28,2
DA:29,2
DA:30,2
DA:31,2
DA:34,2
DA:35,2
DA:47,2
DA:48,2
DA:49,2
DA:50,2
DA:51,2
DA:52,2
DA:53,2
DA:54,2
LF:30
LH:30
BRDA:26,0,0,2
BRDA:26,0,1,0
BRDA:49,1,0,2
BRDA:49,1,1,0
BRF:4
BRH:2
end_of_record
TN:
SF:src\containers\Logout.js
FN:4,(anonymous_0)
FN:11,(anonymous_1)
FNF:2
FNH:2
FNDA:14,(anonymous_0)
FNDA:2,(anonymous_1)
DA:5,14
DA:6,14
DA:7,14
DA:8,14
DA:11,14
DA:12,2
DA:13,2
LF:7
LH:7
BRF:0
BRH:0
end_of_record
TN:
SF:src\containers\NewBill.js
FN:6,(anonymous_0)
FN:18,(anonymous_1)
FN:46,(anonymous_2)
FNF:3
FNH:3
FNDA:5,(anonymous_0)
FNDA:2,(anonymous_1)
FNDA:1,(anonymous_2)
DA:7,5
DA:8,5
DA:9,5
DA:10,5
DA:11,5
DA:12,5
DA:13,5
DA:14,5
DA:15,5
DA:16,5
DA:18,5
DA:19,2
DA:20,2
DA:21,2
DA:22,2
DA:23,2
DA:27,2
DA:40,2
DA:41,2
DA:46,5
DA:47,1
DA:49,1
DA:50,1
DA:63,1
DA:64,1
LF:25
LH:25
BRDA:27,0,0,0
BRDA:27,0,1,2
BRDA:57,1,0,1
BRDA:57,1,1,0
BRF:4
BRH:2
end_of_record
TN:
SF:src\views\Actions.js
FN:4,(anonymous_0)
FNF:1
FNH:1
FNDA:18,(anonymous_0)
DA:5,18
LF:1
LH:1
BRF:0
BRH:0
end_of_record
TN:
SF:src\views\BillsUI.js
FN:7,(anonymous_0)
FN:22,(anonymous_1)
FN:32,(anonymous_2)
FN:38,(anonymous_3)
FN:43,(anonymous_4)
FN:44,(anonymous_5)
FNF:6
FNH:6
FNDA:16,(anonymous_0)
FNDA:8,(anonymous_1)
FNDA:15,(anonymous_2)
FNDA:16,(anonymous_3)
FNDA:13,(anonymous_4)
FNDA:8,(anonymous_5)
DA:7,7
DA:8,16
DA:22,7
DA:31,8
DA:32,4
DA:33,15
DA:34,15
DA:38,16
DA:40,4
DA:44,13
DA:61,13
DA:62,2
DA:63,11
DA:64,3
DA:67,8
LF:15
LH:15
BRDA:31,0,0,4
BRDA:31,0,1,4
BRDA:31,1,0,8
BRDA:31,1,1,6
BRDA:61,2,0,2
BRDA:61,2,1,11
BRDA:63,3,0,3
BRDA:63,3,1,8
BRF:8
BRH:8
end_of_record
TN:
SF:src\views\DashboardFormUI.js
FN:7,(anonymous_0)
FN:24,(anonymous_1)
FNF:2
FNH:2
FNDA:9,(anonymous_0)
FNDA:9,(anonymous_1)
DA:7,9
DA:26,9
LF:2
LH:2
BRDA:79,0,0,6
BRDA:79,0,1,3
BRDA:92,1,0,6
BRDA:92,1,1,3
BRF:4
BRH:4
end_of_record
TN:
SF:src\views\DashboardUI.js
FN:8,(anonymous_0)
FNF:1
FNH:1
FNDA:11,(anonymous_0)
DA:10,11
DA:11,1
DA:12,10
DA:13,3
DA:16,7
LF:5
LH:5
BRDA:10,0,0,1
BRDA:10,0,1,10
BRDA:12,1,0,3
BRDA:12,1,1,7
BRDA:22,2,0,7
BRDA:22,2,1,2
BRDA:29,3,0,7
BRDA:29,3,1,2
BRDA:36,4,0,7
BRDA:36,4,1,2
BRF:10
BRH:10
end_of_record
TN:
SF:src\views\ErrorPage.js
FN:3,(anonymous_0)
FNF:1
FNH:1
FNDA:8,(anonymous_0)
DA:5,8
LF:1
LH:1
BRDA:13,0,0,7
BRDA:13,0,1,1
BRF:2
BRH:2
end_of_record
TN:
SF:src\views\LoadingPage.js
FN:3,(anonymous_0)
FNF:1
FNH:1
FNDA:4,(anonymous_0)
DA:5,4
LF:1
LH:1
BRF:0
BRH:0
end_of_record
TN:
SF:src\views\LoginUI.js
FN:2,(anonymous_0)
FNF:1
FNH:1
FNDA:13,(anonymous_0)
DA:4,13
LF:1
LH:1
BRF:0
BRH:0
end_of_record
TN:
SF:src\views\NewBillUI.js
FN:3,(anonymous_0)
FNF:1
FNH:1
FNDA:8,(anonymous_0)
DA:5,8
LF:1
LH:1
BRF:0
BRH:0
end_of_record
TN:
SF:src\views\VerticalLayout.js
FN:5,(anonymous_0)
FNF:1
FNH:1
FNDA:35,(anonymous_0)
DA:7,35
DA:8,35
DA:9,23
DA:11,35
DA:12,17
DA:29,18
LF:6
LH:6
BRDA:8,0,0,23
BRDA:8,0,1,12
BRDA:11,1,0,17
BRDA:11,1,1,18
BRDA:11,2,0,35
BRDA:11,2,1,23
BRF:6
BRH:6
end_of_record
